TN:
SF:src\router.ts
FN:32,(anonymous_0)
FN:48,(anonymous_1)
FNF:2
FNH:2
FNDA:4,(anonymous_0)
FNDA:5,(anonymous_1)
DA:1,2
DA:2,2
DA:3,2
DA:4,2
DA:13,2
DA:15,2
DA:16,2
DA:23,2
DA:32,4
DA:38,2
DA:48,5
DA:57,2
DA:64,2
DA:71,2
LF:14
LH:14
BRF:0
BRH:0
end_of_record
TN:
SF:src\server.ts
FN:7,connectDB
FN:29,(anonymous_2)
FNF:2
FNH:2
FNDA:2,connectDB
FNDA:1,(anonymous_2)
DA:1,2
DA:2,2
DA:3,2
DA:4,2
DA:7,2
DA:8,2
DA:10,2
DA:11,1
DA:14,0
DA:15,0
DA:18,2
DA:21,2
DA:24,2
DA:27,2
DA:29,2
DA:30,1
DA:33,2
LF:17
LH:15
BRF:0
BRH:0
end_of_record
TN:
SF:src\config\db.ts
FNF:0
FNH:0
DA:1,2
DA:2,2
DA:4,2
DA:6,2
DA:11,2
LF:5
LH:5
BRF:0
BRH:0
end_of_record
TN:
SF:src\handlers\product.ts
FN:5,(anonymous_1)
FN:17,(anonymous_2)
FN:31,(anonymous_3)
FN:38,(anonymous_4)
FN:57,(anonymous_5)
FN:76,(anonymous_6)
FNF:6
FNH:6
FNDA:2,(anonymous_1)
FNDA:2,(anonymous_2)
FNDA:1,(anonymous_3)
FNDA:2,(anonymous_4)
FNDA:2,(anonymous_5)
FNDA:2,(anonymous_6)
DA:2,2
DA:5,2
DA:6,2
DA:11,2
DA:17,2
DA:18,2
DA:19,2
DA:20,2
DA:22,1
DA:27,1
DA:31,2
DA:33,1
DA:34,1
DA:38,2
DA:40,2
DA:41,2
DA:42,2
DA:44,1
DA:50,1
DA:51,1
DA:53,1
DA:57,2
DA:59,2
DA:60,2
DA:61,2
DA:63,1
DA:69,1
DA:70,1
DA:72,1
DA:76,2
DA:78,2
DA:79,2
DA:80,2
DA:82,1
DA:86,1
DA:87,1
LF:36
LH:36
BRDA:20,0,0,1
BRDA:20,0,1,1
BRDA:42,1,0,1
BRDA:42,1,1,1
BRDA:61,2,0,1
BRDA:61,2,1,1
BRDA:80,3,0,1
BRDA:80,3,1,1
BRF:8
BRH:8
end_of_record
TN:
SF:src\middleware\index.ts
FN:4,(anonymous_0)
FNF:1
FNH:1
FNDA:17,(anonymous_0)
DA:2,2
DA:4,2
DA:10,17
DA:11,17
DA:12,8
DA:15,9
LF:6
LH:6
BRDA:11,0,0,8
BRDA:11,0,1,9
BRF:2
BRH:2
end_of_record
TN:
SF:src\models\Product.model.ts
FNF:0
FNH:0
DA:1,2
DA:6,2
DA:10,2
DA:15,2
DA:21,2
DA:24,2
LF:6
LH:6
BRF:0
BRH:0
end_of_record
